
                                      ARENA Simulation Results
                            phakhawat.chu@outlook.com - License: STUDENT

                                  Summary for Replication 1 of 1

Project: Bottleneck Problems Part B                                  Run execution date : 2/23/2020
Analyst: Phakhawat Chullamonthon                                     Model revision date: 2/23/2020

Replication ended at time      : 120.0 Minutes 
Base Time Units: Minutes

                                           TALLY VARIABLES

Identifier                                  Average   Half Width  Minimum    Maximum   Observations
___________________________________________________________________________________________________

Part.VATime                                 9.0000     (Insuf)    9.0000     9.0000         33    
Part.NVATime                                .00000     (Insuf)    .00000     .00000         33    
Part.WaitTime                               26.818     (Insuf)    .00000     46.000         33    
Part.TranTime                               .00000     (Insuf)    .00000     .00000         33    
Part.OtherTime                              .00000     (Insuf)    .00000     .00000         33    
Part.TotalTime                              35.818     (Insuf)    9.0000     55.000         33    
Machine C Process.Queue.WaitingTime         5.5882     (Insuf)    .00000     19.000         34    
Machine B Process.Queue.WaitingTime         23.434     (Insuf)    .00000     28.000         46    
Machine A Process.Queue.WaitingTime         .00000     (Insuf)    .00000     .00000         61    

                                     DISCRETE-CHANGE VARIABLES

Identifier                                  Average   Half Width  Minimum    Maximum   Final Value
___________________________________________________________________________________________________

Part.WIP                                    16.150     (Insuf)    .00000     28.000     28.000    
Machine A.NumberBusy                        1.0000     (Insuf)    .00000     1.0000     1.0000    
Machine A.NumberScheduled                   1.0000     (Insuf)    1.0000     1.0000     1.0000    
Machine A.Utilization                       1.0000     (Insuf)    .00000     1.0000     1.0000    
Machine B.NumberBusy                        1.4833     (Insuf)    .00000     2.0000     2.0000    
Machine B.NumberScheduled                   1.5000     (Insuf)    1.0000     2.0000     1.0000    
Machine B.Utilization                       .98333     (Insuf)    .00000     1.0000     1.0000    
Machine C.NumberBusy                        .83333     (Insuf)    .00000     1.0000     1.0000    
Machine C.NumberScheduled                   1.0000     (Insuf)    1.0000     1.0000     1.0000    
Machine C.Utilization                       .83333     (Insuf)    .00000     1.0000     1.0000    
Machine C Process.Queue.NumberInQueue       2.3333     (Insuf)    .00000     10.000     10.000    
Machine B Process.Queue.NumberInQueue       10.500     (Insuf)    .00000     15.000     14.000    
Machine A Process.Queue.NumberInQueue       .00000     (Insuf)    .00000     1.0000     .00000    

                                             OUTPUTS

Identifier                                   Value
_____________________________________________________________

Part.NumberIn                               61.000    
Part.NumberOut                              33.000    
Machine A.NumberSeized                      61.000    
Machine A.ScheduledUtilization              1.0000    
Machine B.NumberSeized                      46.000    
Machine B.ScheduledUtilization              .98889    
Machine C.NumberSeized                      34.000    
Machine C.ScheduledUtilization              .83333    
System.NumberOut                            33.000    


Simulation run time: 0.02 minutes.
Simulation run complete.
