
                                      ARENA Simulation Results
                            phakhawat.chu@outlook.com - License: STUDENT

                                  Summary for Replication 1 of 1

Project: Bottleneck Problems Part A                                  Run execution date : 2/16/2020
Analyst: Phakhawat Chullamonthon                                     Model revision date: 2/16/2020

Replication ended at time      : 60.0 Minutes 
Base Time Units: Minutes

                                           TALLY VARIABLES

Identifier                                  Average   Half Width  Minimum    Maximum   Observations
___________________________________________________________________________________________________

Part.VATime                                 9.0000     (Insuf)    9.0000     9.0000         13    
Part.NVATime                                .00000     (Insuf)    .00000     .00000         13    
Part.WaitTime                               12.000     (Insuf)    .00000     24.000         13    
Part.TranTime                               .00000     (Insuf)    .00000     .00000         13    
Part.OtherTime                              .00000     (Insuf)    .00000     .00000         13    
Part.TotalTime                              21.000     (Insuf)    9.0000     33.000         13    
Machine C Process.Queue.WaitingTime         .00000     (Insuf)    .00000     .00000         14    
Machine B Process.Queue.WaitingTime         14.000     (Insuf)    .00000     28.000         15    
Machine A Process.Queue.WaitingTime         .00000     (Insuf)    .00000     .00000         31    

                                     DISCRETE-CHANGE VARIABLES

Identifier                                  Average   Half Width  Minimum    Maximum   Final Value
___________________________________________________________________________________________________

Part.WIP                                    9.6500     (Insuf)    .00000     18.000     18.000    
Machine A.NumberBusy                        1.0000     (Insuf)    .00000     1.0000     1.0000    
Machine A.NumberScheduled                   1.0000     (Insuf)    1.0000     1.0000     1.0000    
Machine A.Utilization                       1.0000     (Insuf)    .00000     1.0000     1.0000    
Machine B.NumberBusy                        .96667     (Insuf)    .00000     1.0000     1.0000    
Machine B.NumberScheduled                   1.0000     (Insuf)    1.0000     1.0000     1.0000    
Machine B.Utilization                       .96667     (Insuf)    .00000     1.0000     1.0000    
Machine C.NumberBusy                        .68333     (Insuf)    .00000     1.0000     1.0000    
Machine C.NumberScheduled                   1.0000     (Insuf)    1.0000     1.0000     1.0000    
Machine C.Utilization                       .68333     (Insuf)    .00000     1.0000     1.0000    
Machine C Process.Queue.NumberInQueue       .00000     (Insuf)    .00000     .00000     .00000    
Machine B Process.Queue.NumberInQueue       7.0000     (Insuf)    .00000     15.000     15.000    
Machine A Process.Queue.NumberInQueue       .00000     (Insuf)    .00000     1.0000     .00000    

                                             OUTPUTS

Identifier                                   Value
_____________________________________________________________

Part.NumberIn                               31.000    
Part.NumberOut                              13.000    
Machine A.NumberSeized                      31.000    
Machine A.ScheduledUtilization              1.0000    
Machine B.NumberSeized                      15.000    
Machine B.ScheduledUtilization              .96667    
Machine C.NumberSeized                      14.000    
Machine C.ScheduledUtilization              .68333    
System.NumberOut                            13.000    


Simulation run time: 0.00 minutes.
Simulation run complete.
